starting worker for localhost:11260 
Type: EXEC 
The legacy packages maptools, rgdal, and rgeos, underpinning the sp package,
which was just loaded, will retire in October 2023.
Please refer to R-spatial evolution reports for details, especially
https://r-spatial.org/r/2023/05/15/evolution4.html.
It may be desirable to make the sf package available;
package maintainers should consider adding sf to Suggests:.
The sp package is now running under evolution status 2
     (status 2 uses the sf package in place of rgdal)
This is rSPDE 2.3.3.9000
- See https://davidbolin.github.io/rSPDE for vignettes and manuals.

Attaching package: ‘pracma’

The following objects are masked from ‘package:Matrix’:

    expm, lu, tril, triu


Attaching package: ‘SuperGauss’

The following object is masked from ‘package:base’:

    %*%

Type: EXEC 
1 Getting True pred
[1] "nn"
[1] 7.75101e-07
[1] "Time for m = 1"
Time difference of 5.475105 secs[[[1] "nn"
[1] 4.13875e-08
[1] "Time for m = 2"
Time difference of 6.037779 s[1] [1] "nn"
[1] 4.127996e-09
[1] "Time for m = 3"
Time difference of 7.808281 [1] [[1] "nn"
[1] 1.370023e-09
[1] "Time for m = 4"
Time difference of 9.845629 [1[1][1] "nn"
[1] 8.485084e-10
[1] "Time for m = 5"
Time difference of 13.01772 [1[1][1] "nn"
[1] 2.778424e-10
[1] "Time for m = 6"
Time difference of 15.65176 secs
[1] "time for replicate"
Time difference of 54.94268 secs
2 Getting True pred
[1] "nn"
[1] 1.323687e-06
[1] "Time for m = 1"
Time difference of 2.885532 s[1] [1] "nn"
[1] 5.89219e-08
[1] "Time for m = 2"
Time difference of 4.234484 se[1][[1] "nn"
[1] 1.853859e-08
[1] "Time for m = 3"
Time difference of 6.168391 s[[1[1] "nn"
[1] 5.640385e-09
[1] "Time for m = 4"
Time difference of 10.08966 se[1] "nn"
[1] 1.310888e-10
[1] "Time for m = 5"
Time difference of 12.91738 s[1][1] [1] "nn"
[1] 5.622824e-10
[1] "Time for m = 6"
Time difference of 15.28601 secs
[1] "time for replicate"
Time difference of 46.23918 secs
3 Getting True [1] "nn"
[1] 5.43406e-07
[1] "Time for m = 1"
Time difference of 3.609688 secs
[1] "nn"
[1] 2.035923e-08
[1] "Time for m = 2"
Time difference of 5.759005 secs
[1] "[1] "nn"
[1] 1.802036e-08
[1] "Time for m = 3"
Time difference of 8.170937 [1] "[1] "nn"
[1] 5.91335e-09
[1] "Time for m = 4"
Time difference of 10.40698 s[[1][1] "nn"
[1] 2.011524e-09
[1] "Time for m = 5"
Time difference of 13.008 se[1[[1] "nn"
[1] 8.509848e-10
[1] "Time for m = 6"
Time difference of 13.22648 secs
[1] "time for replicate"
Time difference of 54.14111 secs
4 Getting True pred
[1] "nn"
[1] 2.729459e-06
[1] "Time for m = 1"
Time difference of 2.900995 secs
[1] "nn"
[1] 1.211088e-07
[1] "Time for m = 2"
Time difference of 3.55072 secs
[1] "nn"
[1] 2.45157e-08
[1] "Time for m = 3"
Time difference of 5.988563 secs
[1] "nn"
[1] 7.992991e-09
[1] "Time for m = 4"
Time difference of 7.38864 secs
[1][1] "nn"
[1] 4.176435e-09
[1] "Time for m = 5"
Time difference of 12.68081 s[[1][1] "nn"
[1] 1.738485e-09
[1] "Time for m = 6"
Time difference of 15.62334 secs
[1] "time for replicate"
Time difference of 54.86797 secs
5 Getting True pred
[1] "nn"
[1] 4.756485e-06
[1] "Time for m = 1"
Time difference of 3.471105 secs
[1] "nn"
[1] 2.231697e-07
[1] "Time for m = 2"
Time difference of 5.930285 secs
[1] "nn"
[1] 4.60222e-08
[1] "Time for m = 3"
Time difference of 8.303452 secs
[1] "nn"
[1] 1.496743e-08
[1] "Time for m = 4"
Time difference of 7.320337 secs
[1] "nn"
[1] 5.195118e-09
[1] "Time for m = 5"
Time difference of 9.340871 [1[1][1] "nn"
[1] 2.162011e-09
[1] "Time for m = 6"
Time difference of 11.2379 secs
[1] "time for replicate"
Time difference of 45.60743 secs
6 Getting True pred
[1] "nn"
[1] 5.691796e-06
[1] "Time for m = 1"
Time difference of 2.647522 secs
[1] "nn"
[1] 2.672008e-07
[1] "Time for m = 2"
Time difference of 4.082732 [1][1[1] "nn"
[1] 5.519921e-08
[1] "Time for m = 3"
Time difference of 5.888513 [1][1] "nn"
[1] 1.498448e-08
[1] "Time for m = 4"
Time difference of 10.01236 se[1][1] "nn"
[1] 5.192624e-09
[1] "Time for m = 5"
Time difference of 11.88014 se[1][1] "nn"
[1] 2.177226e-09
[1] "Time for m = 6"
Time difference of 11.11208 secs
[1] "time for replicate"
Time difference of 49.98077 secs
7 Getting True pred
[1] "nn"
[1] 5.847563e-06
[1] "Time for m = 1"
Time difference of 3.033674 secs
[1] "nn"
[1] 2.636162e-07
[1] "Time for m = 2"
Time difference of 4.387092 s[1] [1] "nn"
[1] 5.500754e-08
[1] "Time for m = 3"
Time difference of 5.932698[1] "n[1[1] "nn"
[1] 1.365943e-09
[1] "Time for m = 4"
Time difference of 10.049[1] "n[1[1] "nn"
[1] 4.632309e-10
[1] "Time for m = 5"
Time difference of 12.821[1] "n[1[1] "nn"
[1] 1.835018e-10
[1] "Time for m = 6"
Time difference of 15.46948 secs
[1] "time for replicate"
Time difference of 54.84613 secs
8 Getting True pred
[1] "nn"
[1] 7.958186e-07
[1] "Time for m = 1"
Time difference of 3.328709 secs
[1] "nn"
[1] 2.591923e-08
[1] "Time for m = 2"
Time difference of 4.496157 sec[1[1] "nn"
[1] 5.03747e-09
[1] "Time for m = 3"
Time difference of 7.638431 secs[[1] "nn"
[1] 1.566941e-09
[1] "Time for m = 4"
Time difference of 9.553357 secs[[1] "nn"
[1] 5.303495e-10
[1] "Time for m = 5"
Time difference of 9.455784 sec[[[1] "nn"
[1] 2.100353e-10
[1] "Time for m = 6"
Time difference of 11.26566 secs
[1] "time for replicate"
Time difference of 45.74068 secs
9 Getting True pred
[1] "nn"
[1] 8.981903e-07
[1] "Time for m = 1"
Time difference of 2.892616 secs[[1] "nn"
[1] 2.907748e-08
[1] "Time for m = 2"
Time difference of 4.543672 secs[[1] "nn"
[1] 5.650954e-09
[1] "Time for m = 3"
Time difference of 6.3[1] "nn"
[[[1] "nn"
[1] 1.760352e-09
[1] "Time for m = 4"
Time difference of 7.7[1] "nn"
[1[1] "nn"
[1] 5.964221e-10
[1] "Time for m = 5"
Time difference of 9.[1] "nn"
[1][1] "nn"
[1] 2.363077e-10
[1] "Time for m = 6"
Time difference of 11.49955 secs
[1] "time for replicate"
Time difference of 42.41884 secs
10 Gettin[1] "nn"
[1][1] "nn"
[1] 1.006534e-06
[1] "Time for m = 1"
Time difference of 2.[1] "nn"
[1][1] "nn"
[1] 3.239959e-08
[1] "Time for m = 2"
Time difference of 4.[1] "nn"
[1] 6.10135e-08
[1] "Time for m = 3"
Time difference of 6.322935 secs
[1] "nn"
[1] 1.973007e-08
[1] "Time for m = 4"
Time difference of 7.507179 secs[[1] "nn"[1] "nn"
[1] 1.266264e-08
[1] "Time for m = 5"
Time difference of 13.07[1] "nn"
[1] "nn"
[1] 5.36963e-09
[1] "Time for m = 6"
Time difference of 15.5115 secs
[1] "time for replicate"
Time difference of 52.71692 secs
11 Getting True pred
[1] "nn"
[1] 1.220488e-05
[1] "Time for m = 1"
Time difference of 4.001793 secs
[1] "nn"
[1] 5.778177e-07
[1] "Time for m = 2"
Time difference of 5.448229 secs
[1] "nn"
[1] 1.211036e-07
[1] "Time for m = 3"
Time difference of 7.665704 secs
[1] "nn"
[1] 3.959245e-08
[1] "Time for m = 4"
Time difference of 7.400539 [1] [[1] "nn"
[1] 1.394005e-08
[1] "Time for m = 5"
Time difference of 9.31281[1[1[1][1] "nn"
[1] 5.898571e-09
[1] "Time for m = 6"
Time difference of 11.73682 secs
[1] "time for replicate"
Time difference of 45.57261 secs
12 Getting True pred
[1] "nn"
[1] 1.329808e-05
[1] "Time for m = 1"
Time difference of 2.847726 se[1][1] "nn"
[1] 6.29444e-07
[1] "Time for m = 2"
Time difference of 4.397662 [1][1[1] "nn"
[1] 1.320031e-07
[1] "Time for m = 3"
Time difference of 6.185823 [1][1] "nn"
[1] 9.231604e-09
[1] "Time for m = 4"
Time difference of 10.37685 s[1] [1] "nn"
[1] 3.122224e-09
[1] "Time for m = 5"
Time difference of 12.47901 s[1][[1] [1] "nn"
[1] 1.565168e-10
[1] "Time for m = 6"
Time difference of 15.20555 secs
[1] "time for replicate"
Time difference of 55.12859 secs
13 Getting True[1[1] [1] "nn"
[1] 8.254455e-07
[1] "Time for m = 1"
Time difference of 3.007[1[1][1] [1] "nn"
[1] 2.103262e-08
[1] "Time for m = 2"
Time difference of 4.879[1[1] "nn"
[1] 1.019736e-07
[1] "Time for m = 3"
Time difference of 7.590079 sec[1[1] "nn"
[1] 3.28748e-08
[1] "Time for m = 4"
Time difference of 10.62218 s[1][1] "nn"
[1] 2.868055e-09
[1] "Time for m = 5"
Time difference of 12.85624 s[1] [1] "nn"
[1] 1.171718e-09
[1] "Time for m = 6"
Time difference of 12.43849 secs
[1] "time for replicate"
Time difference of 53.30562 secs
14 Getting True pred
[1] "nn"
[1] 3.726227e-06
[1] "Time for m = 1"
Time difference of 2.948764 secs
[1] "nn"
[1] 1.479506e-07
[1] "Time for m = 2"
Time difference of 5.792892 s[1] [1] "nn"
[1] 2.887584e-08
[1] "Time for m = 3"
Time difference of 8.373486 s[1] [1] "nn"
[1] 9.095789e-09
[1] "Time for m = 4"
Time difference of 8.556415 s[1] [1] "nn"
[1] 3.080763e-09
[1] "Time for m = 5"
Time difference of 12.85997 s[1] [1] "nn"
[1] 1.258338e-09
[1] "Time for m = 6"
Time difference of 15.82671 secs
[1] "time for replicate"
Time difference of 54.36112 secs
15 Getting True pred
[1] "nn"
[1] 3.996457e-06
[1] "Time for m = 1"
Time difference of 3.492187 secs
[1] "nn"
[1] 1.589692e-07
[1] "Time for m = 2"
Time difference of 5.898772 secs
[1] "nn"
[1] 3.10494e-08
[1] "Time for m = 3"
Time difference of 8.098547 secs
[1] "nn"
[1] 9.765817e-09
[1] "Time for m = 4"
Time difference of 7.945414 secs
[1] "nn"
[1] 3.305387e-09
[1] "Time for m = 5"
Time difference of 8.852831 secs
[1] "nn"
[1] 1.351914e-09
[1] "Time for m = 6"
Time difference of 11.47993 secs
[1] "time for replicate"
Time difference of 45.77064 secs
16 Getting True pred
[1] "nn"
[1] 4.257056e-06
[1] "Time for m = 1"
Time difference of 3.2194 secs
[1] "nn"
[1] 1.694139e-07
[1] "Time for m = 2"
Time difference of 5.548337 secs
[1] "nn"
[1] 3.310221e-08
[1] "Time for m = 3"
Time difference of 8.299517 secs
[1] "nn"
[1] 1.039339e-08
[1] "Time for m = 4"
Time difference of 8.038331 secs
[1] "nn"
[1] 3.512921e-09
[1] "Time for m = 5"
Time difference of 9.584087 secs
[1] "nn"
[1] 1.440801e-09
[1] "Time for m = 6"
Time difference of 11.83399 secs
[1] "time for replicate"
Time difference of 46.52734 secs
17 Getting True pred
[1] "nn"
[1] 4.516781e-06
[1] "Time for m = 1"
Time difference of 3.168543 secs
[1] "nn"
[1] 1.798376e-07
[1] "Time for m = 2"
Time difference of 5.741915 secs
[1] "nn"
[1] 3.519688e-08
[1] "Time for m = 3"
Time difference of 8.253472 secs
[1] "nn"
[1] 1.105177e-08
[1] "Time for m = 4"
Time difference of 8.515536 secs
[1] "nn"
[1] 3.724374e-09
[1] "Time for m = 5"
Time difference of 9.381889 secs
[1] "nn"
[1] 1.531494e-09
[1] "Time for m = 6"
Time difference of 11.36482 secs
[1] "time for replicate"
Time difference of 46.42866 secs
18 Getting True pred
[1] "nn"
[1] 4.772945e-06
[1] "Time for m = 1"
Time difference of 2.678841 secs
[1] "nn"
[1] 1.902607e-07
[1] "Time for m = 2"
Time difference of 4.315313 secs
[1] "nn"
[1] 3.721499e-08
[1] "Time for m = 3"
Time difference of 5.945844 secs
[1] "nn"
[1] 1.172204e-08
[1] "Time for m = 4"
Time difference of 7.527952 secs
[1] "nn"
[1] 3.94394e-09
[1] "Time for m = 5"
Time difference of 9.338373 secs
[1] "nn"
[1] 1.618025e-09
[1] "Time for m = 6"
Time difference of 11.49485 secs
[1] "time for replicate"
Time difference of 41.30328 secs
19 Getting True pred
[1] "nn"
[1] 5.041514e-06
[1] "Time for m = 1"
Time difference of 2.951353 secs[1] "nn"
[1] 7.21017e-07
[1] "Time for m = 2"
Time difference of 6.029624 secs
[1] "nn"
[1] 1.478552e-07
[1] "Time for m = 3"
Time difference of 8.027837 secs
[1] "nn"
[1] 4.796158e-08
[1] "Time for m = 4"
Time difference of 10.15525 secs
[1] "nn"
[1] 1.66853e-08
[1] "Time for m = 5"
Time difference of 11.02214 secs
[1] "nn"
[1] 6.993586e-09
[1] "Time for m = 6"
Time difference of 10.82283 secs
[1] "time for replicate"
Time difference of 49.70217 secs
20 Getting True pred
[1] "nn"
[1] 1.676445e-05
[1] "Time for m = 1"
Time difference of 3.032228 secs
[1] "nn"
[1] 7.591258e-07
[1] "Time for m = 2"
Time difference of 4.464738 secs
[1] "nn"
[1] 1.556326e-07
[1] "Time for m = 3"
Time difference of 6.141478 secs
[1] "nn"
[1] 5.048868e-08
[1] "Time for m = 4"
Time difference of 7.403144 secs
[1] "nn"
[1] 1.759726e-08
[1] "Time for m = 5"
Time difference of 9.600322 secs[[1] "nn"
[1] 7.367123e-09
[1] "Time for m = 6"
Time difference of 11.42968 secs
[1] "time for replicate"
Time difference of 42.07365 secs
21 Getting True pred
[1] "nn"
[1] 1.759347e-05
[1] "Time for m = 1"
Time difference of 2.960958 sec[1[[1] "nn"
[1] 1.098013e-06
[1] "Time for m = 2"
Time difference of 5.803961 se[1[[1] "nn"
[1] 2.297784e-07
[1] "Time for m = 3"
Time difference of 7.89596 sec[1[1] "nn"
[1] 7.522125e-08
[1] "Time for m = 4"
Time difference of 10.71032 sec[1[1] "nn"
[1] 2.636493e-08
[1] "Time for m = 5"
Time difference of 12.72318 se[1][1] "nn"
[1] 1.120778e-08
[1] "Time for m = 6"
Time difference of 15.64564 secs
[1] "time for replicate"
Time difference of 56.38263 secs
22 Getting True pred
[1] "nn"
[1] 2.405486e-05
[1] "Time for m = 1"
Time difference of 3.415265 secs
[1] "nn"
[1] 1.148718e-06
[1] "Time for m = 2"
Time difference of 5.717667 secs
[1] "nn"
[1] 2.4001e-07
[1] "Time for m = 3"
Time difference of 8.075982 secs
[1] "nn"
[1] 7.86282e-08
[1] "Time for m = 4"
Time difference of 8.279232 secs
[1] "nn"
[1] 2.761628e-08
[1] "Time for m = 5"
Time difference of 9.822925 se[1][1] "nn"
[1] 1.172584e-08
[1] "Time for m = 6"
Time difference of 11.21676 secs
[1] "time for replicate"
Time difference of 46.53139 secs
23 Getting True pred
[1] "nn"
[1] 2.510173e-05
[1] "Time for m = 1"
Time difference of 2.963952 secs
[1] "nn"
[1] 1.200567e-06
[1] "Time for m = 2"
Time difference of 4.441736 se[1][1] "nn"
[1] 2.505712e-07
[1] "Time for m = 3"
Time difference of 6.366384 [1] "[1] "nn"
[1] 8.208532e-08
[1] "Time for m = 4"
Time difference of 7.478846 [1] "nn"
[1] 2.504419e-08
[1] "Time for m = 5"
Time difference of 12.61661 secs
[1] "nn"
[1] 1.053331e-08
[1] "Time for m = 6"
Time difference of 15.68504 secs
[1] "time for replicate"
Time difference of 56.28179 secs
24 Getting True pred
[1] "nn"
[1] 2.351634e-05
[1] "Time for m = 1"
Time difference of 2.750014 secs
[1] "nn"
[1] 1.10527e-06
[1] "Time for m = 2"
Time difference of 4.574169 secs
[1] "nn"
[1] 2.281102e-07
[1] "Time for m = 3"
Time difference of 7.772001 secs
[1] "nn"
[1] 7.476606e-08
[1] "Time for m = 4"
Time difference of 10.10044 secs
[1] "nn"
[1] 2.613801e-08
[1] "Time for m = 5"
Time difference of 9.124[1] "nn"
[1] "nn"
[1] 1.097228e-08
[1] "Time for m = 6"
Time difference of 11.55933 secs
[1] "time for replicate"
Time difference of 45.88329 secs
25 Getting True pred
[1] "nn"
[1] 2.450993e-05
[1] "Time for m = 1"
Time difference of 3.122985 secs
[1] "nn"
[1] 1.152442e-06
[1] "Time for m = 2"
Time difference of 4.17582 secs
[1] "n[1] "nn"
[1] 2.716081e-07
[1] "Time for m = 3"
Time difference of 8.24779[1] "nn"
[1] 7.795031e-08
[1] "Time for m = 4"
Time difference of 9.912918 secs
[1] "nn"
[1] 2.721577e-08
[1] "Time for m = 5"
Time difference of 13.16[1] "nn"
[1] "nn"
[1] 1.145521e-08
[1] "Time for m = 6"
Time difference of 15.59269 secs
[1] "time for replicate"
Time difference of 52.33298 secs
26 Getting True pred
[1] "nn"
[1] 2.548555e-05
[1] "Time for m = 1"
Time difference of 3.487969 secs
[1] "nn"
[1] 1.199797e-06
[1] "Time for m = 2"
Time difference of 5.860359 secs
[1] "nn"
[1] 2.475436e-07
[1] "Time for m = 3"
Time difference of 8.162281 secs
[1] "nn"
[1] 8.0996e-08
[1] "Time for m = 4"
Time difference of 10.65853 secs
[1] "nn"
[1] 2.830759e-08
[1] "Time for m = 5"
Time difference of 11.9200[1] "nn[1] "nn"
[1] 1.192482e-08
[1] "Time for m = 6"
Time difference of 14.49645 secs
[1] "time for replicate"
Time difference of 54.58891 secs
27 Getting True pred
[1] "nn"
[1] 2.641128e-05
[1] "Time for m = 1"
Time difference of 3.659422 secs
[1] "nn"
[1] 1.246229e-06
[1] "Time for m = 2"
Time difference of 5.770179 secs
[1] "nn"
[1] 2.570332e-07
[1] "Time for m = 3"
Time difference of 8.488984 secs
[1] "nn"
[1] 8.397693e-08
[1] "Time for m = 4"
Time difference of 9.63[1] "nn"
[1] "nn"
[1] 2.938284e-08
[1] "Time for m = 5"
Time difference of 10.06[1] "nn"
[1] "nn"
[1] 1.23853e-08
[1] "Time for m = 6"
Time difference of 13.11838 secs
[1] "time for replicate"
Time difference of 50.73471 secs
28 Getting True pred
[1] "nn"
[1] 2.741539e-05
[1] "Time for m = 1"
Time difference of 2.959769 secs
[1] "nn"
[1] 1.293293e-06
[1] "Time for m = 2"
Time difference of 4.380267 secs
[1] "nn"
[1] 2.667677e-07
[1] "Time for m = 3"
Time difference of 6.[1] "nn"
[1][1] "nn"
[1] 8.709836e-08
[1] "Time for m = 4"
Time difference of 7.[1] "nn"
[1][1] "nn"
[1] 3.046019e-08
[1] "Time for m = 5"
Time difference of 9[1] "nn"
[1] [1] "nn"
[1] 1.286006e-08
[1] "Time for m = 6"
Time difference of 12.43036 secs
[1] "time for replicate"
Time difference of 43.39153 secs
29 Getting True pred
[1] "nn"
[1] 2.839283e-05
[1] "Time for m = 1"
Time difference of 3.256229 secs
[1] "nn"
[1] 1.340744e-06
[1] "Time for m = 2"
Time difference of [1] "nn"
[1] 2[1] "nn"
[1] 2.76623e-07
[1] "Time for m = 3"
Time difference of 6[1] "nn"
[1][1[1] "nn"
[1] 1.886244e-08
[1] "Time for m = 4"
Time difference of [1] "nn"
[1][1[1] "nn"
[1] 6.374927e-09
[1] "Time for m = 5"
Time difference of [1] "nn"
[1][1[1] "nn"
[1] 2.599938e-09
[1] "Time for m = 6"
Time difference of 15.65651 secs
[1] "time for replicate"
Time difference of 55.11257 secs
30 Getting True pred
[1] "nn"
[1] 7.958148e-06
[1] "Time for m = 1"
Time difference of 3.891714 secs
[1] "nn"
[1] 3.164557e-07
[1] "Time for m = 2"
Time difference of 6.29705 secs
[1] "nn"
[1] 6.201622e-08
[1] "Time for m = 3"
Time difference of 8.684018 secs
[1] "nn"
[1] 1.952707e-08
[1] "Time for m = 4"
Time difference of 10.236 secs
[1] "nn"
[1] 6.606256e-09
[1] "Time for m = 5"
Time difference of 13.18443 secs
[1] "nn"
[1] 2.691643e-09
[1] "Time for m = 6"
Time difference of 16.30669 secs
[1] "time for replicate"
Time difference of 58.60366 secs
31 Getting True pred
[1] "nn"
[1] 8.213963e-06
[1] "Time for m = 1"
Time difference of 3.588359 secs
[1] "nn"
[1] 3.269415e-07
[1] "Time for m = 2"
Time difference of 6.219716 secs
[1] "nn"
[1] 6.405404e-08
[1] "Time for m = 3"
Time difference of 8.129681 secs
[1] "nn"
[1] 2.017091e-08
[1] "Time for m = 4"
Time difference of 10.70129 secs
[1] "nn"
[1] 6.82547e-09
[1] "Time for m = 5"
Time difference of 13.35882 secs
[1] "nn"
[1] 2.776824e-09
[1] "Time for m = 6"
Time difference of 14.22262 secs
[1] "time for replicate"
Time difference of 56.22447 secs
32 Getting True pred
[1] "nn"
[1] 8.481844e-06
[1] "Time for m = 1"
Time difference of 2.787299 secs
[1] "nn"
[1] 3.374048e-07
[1] "Time for m = 2"
Time difference of 4.827493 secs
[1] "nn"
[1] 6.607256e-08
[1] "Time for m = 3"
Time difference of 6.465981 secs
[1] "nn"
[1] 2.084162e-08
[1] "Time for m = 4"
Time difference o[1] "nn"
[1] 3.7[1] "nn"
[1] 7.046379e-09
[1] "Time for m = 5"
Time difference o[1] "nn"
[1] 1.5[1] "nn"
[1] 2.86686e-09
[1] "Time for m = 6"
Time difference of 11.53479 secs
[1] "time for replicate"
Time difference of 43.83031 secs
33 Getting True pred
[1] "nn"
[1] 8.758375e-06
[1] "Time for m = 1"
Time difference of[1] "nn"
[1] 1.[1] "nn"
[1] 3.479134e-07
[1] "Time for m = 2"
Time difference of[1] "nn"
[1] 3.364529e-07
[1] "Time for m = 3"
Time difference of 8.719321 secs
[1] "nn"
[1] 1.103961e-07
[1] "Time for m = 4"
Time difference of 10.99028 secs
[1] "nn"
[1] 3.849154e-08
[1] "Time for m = 5"
Time difference of 13.18009 secs
[1] "nn"
[1] 1.626932e-08
[1] "Time for m = 6"
Time difference of 15.89525 secs
[1] "time for replicate"
Time difference of 58.83596 secs
34 Getting True pred
[1] "nn"
[1] 3.500851e-05
[1] "Time for m = 1"
Time difference of 3.674275 secs
[1] "nn"
[1] 1.665419e-06
[1] "Time for m = 2"
Time difference of 5.061725 secs
[1] "nn"
[1] 3.466588e-07
[1] "Time for m = 3"
Time difference of 5.723777 secs
[1] "nn"
[1] 1.136984e-07
[1] "Time for m = 4"
Time difference of 7.783133 secs
[1] "nn"
[1] 3.964492e-08
[1] "Time for m = 5"
Time difference of 11.1183 secs
[1] "nn"
[1] 1.676219e-08
[1] "Time for m = 6"
Time difference of 11.17254 secs
[1] "time for replicate"
Time difference of 44.53587 secs
35 Getting True pred
[1] "nn"
[1] 3.605894e-05
[1] "Time for m = 1"
Time difference of 3.158482 secs
[1] "nn"
[1] 1.715278e-06
[1] "Time for m = 2"
Time difference of 4.553415 secs
[1] "nn"
[1] 3.570289e-07
[1] "Time for m = 3"
Time difference of 5.791618 secs
[1] "nn"
[1] 1.170739e-07
[1] "Time for m = 4"
Time difference of 7.381921 secs
[1] "nn"
[1] 4.082224e-08
[1] "Time for m = 5"
Time difference of 10.06289 secs
[1] "nn"
[1] 1.725928e-08
[1] "Time for m = 6"
Time difference of 12.03572 secs
[1] "time for replicate"
Time difference of 42.98649 secs
36 Getting True pred
[1] "nn"
[1] 3.708856e-05
[1] "Time for m = 1"
Time difference of 2.680562 secs
[1] "nn"
[1] 1.765762e-06
[1] "Time for m = 2"
Time difference of 5.062935 secs
[1] "nn"
[1] 3.674753e-07
[1] "Time for m = 3"
Time difference of 6.166795 secs
[1] "nn"
[1] 1.203451e-07
[1] "Time for m = 4"
Time difference of 8.992983 secs
[1] "nn"
[1] 4.200605e-08
[1] "Time for m = 5"
Time difference of 9.476051 secs
[1] "nn"
[1] 1.775784e-08
[1] "Time for m = 6"
Time difference of 11.94577 secs
[1] "time for replicate"
Time difference of 44.32895 secs
37 Getting True pred
[1] "nn"
[1] 3.813442e-05
[1] "Time for m = 1"
Time difference of 2.897281 secs
[1] "nn"
[1] 1.817693e-06
[1] "Time for m = 2"
Time difference of 4.628322 secs
[1] "nn"
[1] 3.782258e-07
[1] "Time for m = 3"
Time difference of 6.20397 secs
[1] "nn"
[1] 1.23655e-07
[1] "Time for m = 4"
Time difference of 7.514148 secs
[1] "nn[1] "nn"
[1] 8.174317e-09
[1] "Time for m = 5"
Time difference of 10.7468[1] "nn"
[1] 1.826569e-08
[1] "Time for m = 6"
Time difference of 14.07307 secs
[1] "time for replicate"
Time difference of 44.88316 secs
38 Getting True pred
[1] "nn"
[1] 3.916536e-05
[1] "Time for m = 1"
Time difference of 3.794932 secs
[1] "nn"
[1] 1.867744e-06
[1] "Time for m = 2"
Time difference of 6.291019 secs
[1] "nn"
[1] 3.884305e-07
[1] "Time for m = 3"
Time difference of 6.20263 secs
[1] "[1] "nn"
[1] 2.47712e-08
[1] "Time for m = 4"
Time difference of 10.74521 s[1] [1] "nn"
[1] 8.384475e-09
[1] "Time for m = 5"
Time difference of 13.1221 se[1][1] "nn"
[1] 3.406302e-09
[1] "Time for m = 6"
Time difference of 11.84829 secs
[1] "time for replicate"
Time difference of 52.8758 secs
39 Getting True pred
[1] "nn"
[1] 1.036319e-05
[1] "Time for m = 1"
Time difference of 2.879022 secs
[1] "nn"
[1] 4.123521e-07
[1] "Time for m = 2"
Time difference of 4.448221 secs
[1] "nn"
[1] 8.060748e-08
[1] "Time for m = 3"
Time difference of 6.829122 sec[1[1] "nn"
[1] 2.544078e-08
[1] "Time for m = 4"
Time difference of 10.76512 sec[1[1] "nn"
[1] 8.616427e-09
[1] "Time for m = 5"
Time difference of 13.35503 sec[1[1] "nn"
[1] 3.497204e-09
[1] "Time for m = 6"
Time difference of 15.89009 secs
[1] "time for replicate"
Time difference of 54.16949 secs
40 Getting True pred
[1] "nn"
[1] 1.063297e-05
[1] "Time for m = 1"
Time difference of 3.397892 secs
[1] "nn"
[1] 4.233164e-07
[1] "Time for m = 2"
Time difference of 5.431285 secs
[1] "nn"
[1] 8.268763e-08
[1] "Time for m = 3"
Time difference of 5.894328 secs
[1] "nn"
[1] 2.609879e-08
[1] "Time for m = 4"
Time difference of 8.308121 secs
[1] "nn"
[1] 8.831141e-09
[1] "Time for m = 5"
Time difference of 13.26729 secs
[1] "nn"
[1] 3.591119e-09
[1] "Time for m = 6"
Time difference of 11.58396 secs
[1] "time for replicate"
Time difference of 47.8853 secs
41 Getting True pred
[1] "nn"
[1] 1.090301e-05
[1] "Time for m = 1"
Time difference of 3.026561 secs
[1] "nn"
[1] 4.335845e-07
[1] "Time for m = 2"
Time difference of 4.563349 secs
[1] "nn"
[1] 8.470564e-08
[1] "Time for m = 3"
Time difference of 7.786136 secs
[1] "nn"
[1] 2.676435e-08
[1] "Time for m = 4"
Time difference of 10.76585 secs
[1] "nn"
[1] 9.057004e-09
[1] "Time for m = 5"
Time difference of 10.45766 secs
[1] "nn"
[1] 3.679689e-09
[1] "Time for m = 6"
Time difference of 11.11937 secs
[1] "time for replicate"
Time difference of 47.72446 secs
42 Getting True pred
[1] "nn"
[1] 1.118257e-05
[1] "Time for m = 1"
Time difference of 2.747998 secs
[1] "nn"
[1] 4.443685e-07
[1] "Time for m = 2"
Time difference of 4.33529 secs
[1] "nn"
[1] 8.683561e-08
[1] "Time for m = 3"
Time difference of 6.220056 secs
[1] "nn"
[1] 2.742736e-08
[1] "Time for m = 4"
Time difference of 7.393505 secs
[1] "nn"
[1] 9.276458e-09
[1] "Time for m = 5"
Time difference of 10.38614 secs
[1] "nn"
[1] 3.77127e-09
[1] "Time for m = 6"
Time difference of 16.07966 secs
[1] "time for replicate"
Time difference of 47.16516 secs
43 Getting True pred
[1] "nn"
[1] 1.143727e-05
[1] "Time for m = 1"
Time difference of 3.748362 secs
[1] "nn"
[1] 4.548424e-07
[1] "Time for m = 2"
Time difference of 5.903449 secs
[1] "nn"
[1] 8.887409e-08
[1] "Time for m = 3"
Time difference of 8.080776 secs
[1] "nn"
[1] 2.805796e-08
[1] "Time for m = 4"
Time difference of 10.57387 secs
[1] "nn"
[1] 9.489155e-09
[1] "Time for m = 5"
Time difference of 10.18331 secs
[1] "nn"
[1] 3.860184e-09
[1] "Time for m = 6"
Time difference of 13.23709 secs
[1] "time for replicate"
Time difference of 51.72921 secs
44 Getting True pred
[1] "nn"
[1] 1.169433e-05
[1] "Time for m = 1"
Time difference of 3.261017 secs
[1] "nn"
[1] 4.652011e-07
[1] "Time for m = 2"
Time difference of 4.769326 secs
[1] "nn"
[1] 9.086608e-08
[1] "Time for m = 3"
Time difference of 6.302407 secs
[1] "nn"
[1] 2.871974e-08
[1] "Time for m = 4"
Time difference of 7.974952 secs
[1] "nn"
[1] 9.701735e-09
[1] "Time for m = 5"
Time difference of 9.322176 secs
[1] "nn"
[1] 3.951098e-09
[1] "Time for m = 6"
Time difference of 12.95342 secs
[1] "time for replicate"
Time difference of 44.58527 secs
45 Getting True pred
[1] "nn"
[1] 1.195734e-05
[1] "Time for m = 1"
Time difference of 3.644275 secs
[1] "nn"
[1] 4.75394e-07
[1] "Time for m = 2"
Time difference of 6.301665 secs
[1] "nn"
[1] 9.288391e-08
[1] "Time for m = 3"
Time difference of 8.72303 secs
[1] "nn"
[1] 2.935632e-08
[1] "Time for m = 4"
Time difference of 10.76242 secs
[1] "nn"
[1] 9.91672e-09
[1] "Time for m = 5"
Time difference of 13.02124 secs
[1] "nn"
[1] 4.038957e-09
[1] "Time for m = 6"
Time difference of 16.63097 secs
[1] "time for replicate"
Time difference of 59.08565 secs
46 Getting True pred
[1] "nn"
[1] 1.221436e-05
[1] "Time for m = 1"
Time difference of 3.660051 secs
[1] "nn"
[1] 4.861633e-07
[1] "Time for m = 2"
Time difference of 4.996553 secs
[1] "nn"
[1] 9.497567e-08
[1] "Time for m = 3"
Time difference of 5.939539 secs
[1] "nn"
[1] 3.000647e-08
[1] "Time for m = 4"
Time difference of 7.588014 secs
[1] "nn"
[1] 1.013461e-08
[1] "Time for m = 5"
Time difference of 9.917807 secs
[1] "nn"
[1] 4.129308e-09
[1] "Time for m = 6"
Time difference of 12.46985 secs
[1] "time for replicate"
Time difference of 44.57402 secs
47 Getting True pred
[1] "nn"
[1] 1.248414e-05
[1] "Time for m = 1"
Time difference of 3.865192 secs
[1] "nn"
[1] 4.969463e-07
[1] "Time for m = 2"
Time difference of 5.832853 secs
[1] "nn"
[1] 9.71069e-08
[1] "Time for m = 3"
Time difference of 8.193367 secs
[1] "nn"
[1] 3.068426e-08
[1] "Time for m = 4"
Time difference of 10.32621 secs
[1] "nn"
[1] 1.035126e-08
[1] "Time for m = 5"
Time difference of 9.857963 secs
[1] "nn"
[1] 4.22008e-09
[1] "Time for m = 6"
Time difference of 11.17317 secs
[1] "time for replicate"
Time difference of 49.25186 secs
48 Getting True pred
[1] "nn"
[1] 1.276301e-05
[1] "Time for m = 1"
Time difference of 2.920337 secs
[1] "nn"
[1] 5.08116e-07
[1] "Time for m = 2"
Time difference of 4.419651 secs
[1] "nn"
[1] 9.931312e-08
[1] "Time for m = 3"
Time difference of 6.544961 secs
[1] "nn"
[1] 3.13704e-08
[1] "Time for m = 4"
Time difference of 8.085604 secs
[1] "nn"
[1] 1.058273e-08
[1] "Time for m = 5"
Time difference of 9.785886 secs
[1] "nn"
[1] 4.312908e-09
[1] "Time for m = 6"
Time difference of 12.35862 secs
[1] "time for replicate"
Time difference of 44.11763 secs
49 Getting True pred
[1] "nn"
[1] 1.303385e-05
[1] "Time for m = 1"
Time difference of 3.212336 secs
[1] "nn"
[1] 5.186657e-07
[1] "Time for m = 2"
Time difference of 4.495029 secs
[1] "nn"
[1] 1.014041e-07
[1] "Time for m = 3"
Time difference of 7.780117 secs
[1] "nn"
[1] 3.203137e-08
[1] "Time for m = 4"
Time difference of 10.44869 secs
[1] "nn"
[1] 1.080173e-08
[1] "Time for m = 5"
Time difference of 11.22392 secs
[1] "nn"
[1] 4.406084e-09
[1] "Time for m = 6"
Time difference of 13.68185 secs
[1] "time for replicate"
Time difference of 50.84453 secs
50 Getting True pred
[1] "nn"
[1] 1.328805e-05
[1] "Time for m = 1"
Time difference of 2.862453 secs
[1] "nn"
[1] 5.291726e-07
[1] "Time for m = 2"
Time difference of 5.052021 secs
[1] "nn"
[1] 1.034045e-07
[1] "Time for m = 3"
Time difference of 5.759135 secs
[1] "nn"
[1] 3.26584e-08
[1] "Time for m = 4"
Time difference of 7.687126 secs
[1] "nn"
[1] 1.101627e-08
[1] "Time for m = 5"
Time difference of 9.466527 secs
[1] "nn"
[1] 4.491964e-09
[1] "Time for m = 6"
Time difference of 11.60996 secs
[1] "time for replicate"
Time difference of 42.43977 secs
51 Getting True pred
[1] "nn"
[1] 1.354882e-05
[1] "Time for m = 1"
Time difference of 2.959282 secs
[1] "nn"
[1] 5.397646e-07
[1] "Time for m = 2"
Time difference of 5.242524 secs
[1] "nn"
[1] 1.055003e-07
[1] "Time for m = 3"
Time difference of 6.223408 secs
[1] "nn"
[1] 3.329402e-08
[1] "Time for m = 4"
Time difference of 7.836673 secs
[1] "nn"
[1] 1.12343e-08
[1] "Time for m = 5"
Time difference of 9.525293 secs
[1] "nn"
[1] 4.582013e-09
[1] "Time for m = 6"
Time difference of 12.78175 secs
[1] "time for replicate"
Time difference of 44.57092 secs
52 Getting True pred
[1] "nn"
[1] 1.380538e-05
[1] "Time for m = 1"
Time difference of 3.465571 secs
[1] "nn"
[1] 5.499403e-07
[1] "Time for m = 2"
Time difference of 5.897738 secs
[1] "nn"
[1] 1.074958e-07
[1] "Time for m = 3"
Time difference of 8.118598 secs
[1] "nn"
[1] 3.392247e-08
[1] "Time for m = 4"
Time difference of 10.40749 secs
[1] "nn"
[1] 1.144972e-08
[1] "Time for m = 5"
Time difference of 13.10451 secs
[1] "nn"
[1] 4.669137e-09
[1] "Time for m = 6"
Time difference of 14.30612 secs
[1] "time for replicate"
Time difference of 55.3036 secs
53 Getting True pred
[1] "nn"
[1] 1.406099e-05
[1] "Time for m = 1"
Time difference of 3.173385 secs
[1] "nn"
[1] 5.599972e-07
[1] "Time for m = 2"
Time difference of 5.284421 secs
[1] "nn"
[1] 1.09492e-07
[1] "Time for m = 3"
Time difference of 6.289119 secs
[1] "nn"
[1] 3.454656e-08
[1] "Time for m = 4"
Time difference of 7.950309 secs
[1] "nn"
[1] 1.166279e-08
[1] "Time for m = 5"
Time difference of 8.755623 secs
[1] "nn"
[1] 4.755128e-09
[1] "Time for m = 6"
Time difference of 11.81599 secs
[1] "time for replicate"
Time difference of 43.2712 secs
54 Getting True pred
[1] "nn"
[1] 1.431174e-05
[1] "Time for m = 1"
Time difference of 3.106542 secs
[1] "nn"
[1] 5.702726e-07
[1] "Time for m = 2"
Time difference of 5.348009 secs
[1] "nn"
[1] 1.115097e-07
[1] "Time for m = 3"
Time difference of 8.353258 secs
[1] "nn"
[1] 3.517419e-08
[1] "Time for m = 4"
Time difference of 7.739655 secs
[1] "nn"
[1] 1.187259e-08
[1] "Time for m = 5"
Time difference of 9.792033 secs
[1] "nn"
[1] 4.841046e-09
[1] "Time for m = 6"
Time difference of 12.04197 secs
[1] "time for replicate"
Time difference of 46.38447 secs
55 Getting True pred
[1] "nn"
[1] 1.45756e-05
[1] "Time for m = 1"
Time difference of 2.828247 secs
[1] "nn"
[1] 5.806618e-07
[1] "Time for m = 2"
Time difference of 5.156949 secs
[1] "nn"
[1] 1.135026e-07
[1] "Time for m = 3"
Time difference of 5.7466 secs
[1] "nn"
[1] 3.58557e-08
[1] "Time for m = 4"
Time difference of 7.404742 secs
[1] "nn"
[1] 1.208944e-08
[1] "Time for m = 5"
Time difference of 9.408515 s[1] [1] "nn"
[1] 4.932005e-09
[1] "Time for m = 6"
Time difference of 11.87196 secs
[1] "time for replicate"
Time difference of 42.41998 secs
56 Getting True pred
[1] "nn"
[1] 1.483855e-05
[1] "Time for m = 1"
Time difference of 2.938359 secs
[1] "nn"
[1] 5.913166e-07
[1] "Time for m = 2"
Time difference of 4.985196 secs
[1] "nn"
[1] 1.155557e-07
[1] "Time for m = 3"
Time difference of 5.971052 secs
[1] "nn"
[1] 3.649617e-08
[1] "Time for m = 4"
Time difference of 7.88695 secs
[1] "nn"
[1] 1.231277e-08
[1] "Time for m = 5"
Time difference of 11.16842 secs
[1] "nn"
[1] 5.020101e-09
[1] "Time for m = 6"
Time difference of 15.64262 secs
[1] "time for replicate"
Time difference of 48.5955 secs
57 Getting True pred
[1] "nn"
[1] 1.511399e-05
[1] "Time for m = 1"
Time difference of 3.433788 secs
[1] "nn"
[1] 6.018503e-07
[1] "Time for m = 2"
Time difference of 6.09079 secs
[1] "nn"
[1] 1.176241e-07
[1] "Time for m = 3"
Time difference of 8.546896 secs
[1] "nn"
[1] 3.71695e-08
[1] "Time for m = 4"
Time difference of 10.6429 secs
[1] "nn"
[1] 1.253703e-08
[1] "Time for m = 5"
Time difference of 12.9613 secs
[1] "nn"
[1] 5.110229e-09
[1] "Time for m = 6"
Time difference of 16.35539 secs
[1] "time for replicate"
Time difference of 58.03373 secs
58 Getting True pred
[1] "nn"
[1] 1.538777e-05
[1] "Time for m = 1"
Time difference of 3.920928 secs
[1] "nn"
[1] 6.126595e-07
[1] "Time for m = 2"
Time difference of 5.859701 secs
[1] "nn"
[1] 1.198033e-07
[1] "Time for m = 3"
Time difference of 8.375827 secs
[1] "nn"
[1] 3.784872e-08
[1] "Time for m = 4"
Time difference of 10.65458 secs
[1] "nn"
[1] 1.276116e-08
[1] "Time for m = 5"
Time difference of 12.59923 secs
[1] "nn"
[1] 5.202369e-09
[1] "Time for m = 6"
Time difference of 15.11686 secs
[1] "time for replicate"
Time difference of 56.53019 secs
59 Getting True pred
[1] "nn"
[1] 1.564421e-05
[1] "Time for m = 1"
Time difference of 3.558602 secs
[1] "nn"
[1] 6.230748e-07
[1] "Time for m = 2"
Time difference of 4.484839 secs
[1] "nn"
[1] 1.218058e-07
[1] "Time for m = 3"
Time difference of 6.496585 secs
[1] "nn"
[1] 3.847835e-08
[1] "Time for m = 4"
Time difference of 7.451021 secs
[1] "nn"
[1] 1.297858e-08
[1] "Time for m = 5"
Time difference of 8.932093 secs
[1] "nn"
[1] 5.288871e-09
[1] "Time for m = 6"
Time difference of 11.44127 secs
[1] "time for replicate"
Time difference of 42.36697 secs
60 Getting True pred
[1] "nn"
[1] 1.591755e-05
[1] "Time for m = 1"
Time difference of 2.73728 secs
[1] "nn"
[1] 6.335579e-07
[1] "Time for m = 2"
Time difference of 4.574435 secs
[1] "nn"
[1] 1.239426e-07
[1] "Time for m = 3"
Time difference of 6.183961 secs
[1] "nn"
[1] 3.912255e-08
[1] "Time for m = 4"
Time difference of 7.971533 secs
[1] "nn"
[1] 1.319159e-08
[1] "Time for m = 5"
Time difference of 10.36649 secs
[1] "nn"
[1] 5.381522e-09
[1] "Time for m = 6"
Time difference of 13.31071 secs
[1] "time for replicate"
Time difference of 45.14721 secs
61 Getting True pred
[1] "nn"
[1] 1.617582e-05
[1] "Time for m = 1"
Time difference of 3.369201 secs
[1] "nn"
[1] 6.442141e-07
[1] "Time for m = 2"
Time difference of 6.025776 secs
[1] "nn"
[1] 1.260211e-07
[1] "Time for m = 3"
Time difference of 6.104869 secs
[1] "nn"
[1] 3.977868e-08
[1] "Time for m = 4"
Time difference of 7.739351 secs
[1] "nn"
[1] 1.341499e-08
[1] "Time for m = 5"
Time difference of 9.209908 secs
[1] "nn"
[1] 5.47367e-09
[1] "Time for m = 6"
Time difference of 11.44274 secs
[1] "time for replicate"
Time difference of 43.89382 secs
62 Getting True pred
[1] "nn"
[1] 1.642802e-05
[1] "Time for m = 1"
Time difference of 2.892887 secs
[1] "nn"
[1] 6.542359e-07
[1] "Time for m = 2"
Time difference of 4.113966 secs
[1] "nn"
[1] 1.279779e-07
[1] "Time for m = 3"
Time difference of 6.548905 secs
[1] "nn"
[1] 4.040933e-08
[1] "Time for m = 4"
Time difference of 7.429203 secs
[1] "nn"
[1] 1.362634e-08
[1] "Time for m = 5"
Time difference of 12.49597 secs
[1] "nn"
[1] 5.561496e-09
[1] "Time for m = 6"
Time difference of 11.80933 secs
[1] "time for replicate"
Time difference of 45.29237 secs
63 Getting True pred
[1] "nn"
[1] 1.670731e-05
[1] "Time for m = 1"
Time difference of 3.269337 secs
[1] "nn"
[1] 6.651095e-07
[1] "Time for m = 2"
Time difference of 4.165995 secs
[1] "nn"
[1] 1.301421e-07
[1] "Time for m = 3"
Time difference of 6.257071 secs
[1] "nn"
[1] 4.109072e-08
[1] "Time for m = 4"
Time difference of 7.58266 secs
[1] "nn"
[1] 1.385959e-08
[1] "Time for m = 5"
Time difference of 10.41543 secs
[1] "nn"
[1] 5.658322e-09
[1] "Time for m = 6"
Time difference of 15.73157 secs
[1] "time for replicate"
Time difference of 47.42879 secs
64 Getting True pred
[1] "nn"
[1] 1.6972e-05
[1] "Time for m = 1"
Time difference of 3.829081 secs
[1] "nn"
[1] 6.756164e-07
[1] "Time for m = 2"
Time difference of 6.15999 secs
[1] "nn"
[1] 1.321961e-07
[1] "Time for m = 3"
Time difference of 6.489851 secs
[1] "nn"
[1] 4.176376e-08
[1] "Time for m = 4"
Time difference of 7.858581 secs
[1] "nn"
[1] 1.407731e-08
[1] "Time for m = 5"
Time difference of 9.517364 secs
[1] "nn"
[1] 5.749802e-09
[1] "Time for m = 6"
Time difference of 12.12756 secs
[1] "time for replicate"
Time difference of 45.98516 secs
65 Getting True pred
[1] "nn"
[1] 1.723083e-05
[1] "Time for m = 1"
Time difference of 2.821181 secs
[1] "nn"
[1] 6.858675e-07
[1] "Time for m = 2"
Time difference of 4.516028 secs
[1] "nn"
[1] 1.342386e-07
[1] "Time for m = 3"
Time difference of 6.660297 secs
[1] "nn"
[1] 4.237804e-08
[1] "Time for m = 4"
Time difference of 7.220883 secs
[1] "nn"
[1] 1.429106e-08
[1] "Time for m = 5"
Time difference of 9.954441 secs
[1] "nn"
[1] 5.83876e-09
[1] "Time for m = 6"
Time difference of 11.84306 secs
[1] "time for replicate"
Time difference of 43.01924 secs
66 Getting True pred
[1] "nn"
[1] 1.74879e-05
[1] "Time for m = 1"
Time difference of 3.087469 secs
[1] "nn"
[1] 6.96108e-07
[1] "Time for m = 2"
Time difference of 4.618217 secs
[1] "nn"
[1] 1.362086e-07
[1] "Time for m = 3"
Time difference of 5.91512 secs
[1] "nn"
[1] 4.300675e-08
[1] "Time for m = 4"
Time difference of 7.164654 secs
[1] "nn"
[1] 1.450748e-08
[1] "Time for m = 5"
Time difference of 9.318153 secs
[1] "nn"
[1] 5.925068e-09
[1] "Time for m = 6"
Time difference of 11.75999 secs
[1] "time for replicate"
Time difference of 41.86619 secs
67 Getting True pred
[1] "nn"
[1] 1.774497e-05
[1] "Time for m = 1"
Time difference of 2.919449 secs
[1] "nn"
[1] 7.065084e-07
[1] "Time for m = 2"
Time difference of 5.050774 secs
[1] "nn"
[1] 1.382295e-07
[1] "Time for m = 3"
Time difference of 5.832492 secs
[1] "nn"
[1] 4.365843e-08
[1] "Time for m = 4"
Time difference of 7.813636 secs
[1] "nn"
[1] 1.472132e-08
[1] "Time for m = 5"
Time difference of 10.90286 secs
[1] "nn"
[1] 6.015352e-09
[1] "Time for m = 6"
Time difference of 12.1724 secs
[1] "time for replicate"
Time difference of 44.69411 secs
68 Getting True pred
[1] "nn"
[1] 1.801277e-05
[1] "Time for m = 1"
Time difference of 3.094151 secs
[1] "nn"
[1] 7.173204e-07
[1] "Time for m = 2"
Time difference of 4.283998 secs
[1] "nn"
[1] 1.40392e-07
[1] "Time for m = 3"
Time difference of 6.163899 secs
[1] "nn"
[1] 4.430088e-08
[1] "Time for m = 4"
Time difference of 7.780003 secs
[1] "nn"
[1] 1.494079e-08
[1] "Time for m = 5"
Time difference of 9.589766 secs
[1] "nn"
[1] 6.107394e-09
[1] "Time for m = 6"
Time difference of 11.78237 secs
[1] "time for replicate"
Time difference of 42.69608 secs
69 Getting True pred
[1] "nn"
[1] 1.827832e-05
[1] "Time for m = 1"
Time difference of 2.992508 secs
[1] "nn"
[1] 7.281022e-07
[1] "Time for m = 2"
Time difference of 4.427253 secs
[1] "nn"
[1] 1.425102e-07
[1] "Time for m = 3"
Time difference of 6.302722 secs
[1] "nn"
[1] 4.496937e-08
[1] "Time for m = 4"
Time difference of 7.195549 secs
[1] "nn"
[1] 1.516055e-08
[1] "Time for m = 5"
Time difference of 9.099461 secs
[1] "nn"
[1] 6.199354e-09
[1] "Time for m = 6"
Time difference of 11.89578 secs
[1] "time for replicate"
Time difference of 41.9158 secs
70 Getting True pred
[1] "nn"
[1] 1.854051e-05
[1] "Time for m = 1"
Time difference of 2.934563 secs
[1] "nn"
[1] 7.385201e-07
[1] "Time for m = 2"
Time difference of 4.958689 secs
[1] "nn"
[1] 1.445829e-07
[1] "Time for m = 3"
Time difference of 5.729985 secs
[1] "nn"
[1] 4.560858e-08
[1] "Time for m = 4"
Time difference of 7.47761 s[1] [1] "nn"
[1] 1.537129e-08
[1] "Time for m = 5"
Time difference of 10.49888 s[1] [1] "nn"
[1] 6.28792e-09
[1] "Time for m = 6"
Time difference of 14.4528 secs
[1] "time for replicate"
Time difference of 46.05447 secs
71 Getting True pred
[1] "nn"
[1] 1.87954e-05
[1] "Time for m = 1"
Time difference of 3.036301 secs[[1] "nn"
[1] 7.492017e-07
[1] "Time for m = 2"
Time difference of 4.78705 secs
[1] "nn"
[1] 1.466776e-07
[1] "Time for m = 3"
Time difference of 6.424529 secs
[1] "nn"
[1] 4.62579e-08
[1] "Time for m = 4"
Time difference of 7.880258 secs
[1] "nn"
[1] 7.263043e-08
[1] "Time for m = 5"
Time difference of 13.32271 secs
[1] "nn"
[1] 3.046797e-08
[1] "Time for m = 6"
Time difference of 15.56884 secs
[1] "time for replicate"
Time difference of 56.76112 secs
72 Getting True pred
[1] "nn"
[1] 6.730545e-05
[1] "Time for m = 1"
Time difference of 3.781517 secs
[1] "nn"
[1] 3.14639e-06
[1] "Time for m = 2"
Time difference of 6.573593 secs
[1] "nn"
[1] 6.474631e-07
[1] "Time for m = 3"
Time difference of 8.119021 secs
[1] "nn"
[1] 2.113272e-07
[1] "Time for m = 4"
Time difference of 7.758903 secs
[1] "nn"
[1] 7.36248e-08
[1] "Time for m = 5"
Time difference of 9.27607 secs
[1] "nn"
[1] 3.090137e-08
[1] "Time for m = 6"
Time difference of 11.8941 secs
[1] "time for replicate"
Time difference of 47.40636 secs
73 Getting True pred
[1] "nn"
[1] 6.827729e-05
[1] "Time for m = 1"
Time difference of 2.92864 secs
[1] "nn"
[1] 3.191131e-06
[1] "Time for m = 2"
Time difference of 5.212726 secs
[1] "nn"
[1] 6.567909e-07
[1] "Time for m = 3"
Time difference of 6.004325 secs
[1] "nn"
[1] 2.144066e-07
[1] "Time for m = 4"
Time difference of 7.646211 secs
[1] "nn"
[1] 7.466884e-08
[1] "Time for m = 5"
Time difference of 9.497669 secs
[1][1] "nn"
[1] 6.563948e-09
[1] "Time for m = 6"
Time difference of 14.15277 secs
[1] "time for replicate"
Time difference of 48.75547 secs
74 Getting True pr[1][1] "nn"
[1] 1.95971e-05
[1] "Time for m = 1"
Time difference of 3.142441 sec[1[1] "nn"
[1] 7.80711e-07
[1] "Time for m = 2"
Time difference of 4.779991 secs[[1] "nn"
[1] 1.529323e-07
[1] "Time for m = 3"
Time difference of 6.121156 secs[[1] "nn"
[1] 4.821674e-08
[1] "Time for m = 4"
Time difference of 9.522696 secs[[1] "nn"
[1] 1.624039e-08
[1] "Time for m = 5"
Time difference of 10.69655 secs[[1] "nn"
[1] 6.652518e-09
[1] "Time for m = 6"
Time difference of 11.67852 secs
[1] "time for replicate"
Time difference of 45.94409 secs
75 Getting True pred
[1] "nn"
[1] 1.986301e-05
[1] "Time for m = 1"
Time difference of 2.767787 secs[[1] "nn"
[1] 7.912871e-07
[1] "Time for m = 2"
Time difference of 4.424567 secs[[1] "nn"
[1] 1.550555e-07
[1] "Time for m = 3"
Time difference of 6.536176 secs[[1] "nn"
[1] 4.885624e-08
[1] "Time for m = 4"
Time difference of 7.408241 secs[[1] "nn"
[1] 1.646379e-08
[1] "Time for m = 5"
Time difference of 9.710551 secs[[1] "nn"
[1] 6.742336e-09
[1] "Time for m = 6"
Time difference of 12.34513 secs
[1] "time for replicate"
Time difference of 43.19384 secs
76 Getting True pred[[1] "nn"
[1] 2.012964e-05
[1] "Time for m = 1"
Time difference of 3.135829 secs[[1] "nn"
[1] 8.015171e-07
[1] "Time for m = 2"
Time difference of 4.595251 secs[[1] "nn"
[1] 1.571094e-07
[1] "Time for m = 3"
Time difference of 6.419605 secs[1] "nn"
[1] 2.234665e-07
[1] "Time for m = 4"
Time difference of 10.12463 secs
[1] "nn"
[1] 7.773951e-08
[1] "Time for m = 5"
Time difference of 10.25383 secs
[1] "nn"
[1] 3.266329e-08
[1] "Time for m = 6"
Time difference of 11.89203 secs
[1] "time for replicate"
Time difference of 46.64661 secs
77 Getting True pred
[1] "nn"
[1] 7.208777e-05
[1] "Time for m = 1"
Time difference of 2.970646 secs
[[1] "nn"
[1] 8.121197e-07
[1] "Time for m = 2"
Time difference of 4.9426 secs
[1] "nn"
[1] 1.591628e-07
[1] "Time for m = 3"
Time difference of 8.726479 secs
[1] "nn"
[1] 5.017257e-08
[1] "Time for m = 4"
Time difference of 9.407793 secs
[1] "nn"
[1] 1.689426e-08
[1] "Time for m = 5"
Time difference of 12.26412 secs
[1] "nn"
[1] 6.923633e-09
[1] "Time for m = 6"
Time difference of 14.17909 secs
[1] "time for replicate"
Time difference of 53.11154 secs
78 Getting True pred
[1] "nn"
[1] 2.063899e-05
[1] "Time for m = 1"
Time difference of 4.015558 secs
[1] "nn"
[1] 8.226721e-07
[1] "Time for m = 2"
Time difference of 6.02595 secs
[1] "nn"
[1] 1.611997e-07
[1] "Time for m = 3"
Time difference of 7.134334 secs
[1] "nn"
[1] 5.080079e-08
[1] "Time for m = 4"
Time difference of 8.062393 secs
[1] "nn"
[1] 1.710409e-08
[1] "Time for m = 5"
Time difference of 9.1811 secs
[1] "nn"
[1] 7.010275e-09
[1] "Time for m = 6"
Time difference of 14.5026 secs
[1] "time for replicate"
Time difference of 48.92433 secs
79 Getting True pred
[1] "nn"
[1] 2.090945e-05
[1] "Time for m = 1"
Time difference of 3.519675 secs
[1] "nn"
[1] 8.335127e-07
[1] "Time for m = 2"
Time difference of 5.822078 secs
[1] "nn"
[1] 1.63335e-07
[1] "Time for m = 3"
Time difference of 8.798131 secs
[1] "nn"
[1] 5.146587e-08
[1] "Time for m = 4"
Time difference of 9.834298 secs
[1] "nn"
[1] 1.732929e-08
[1] "Time for m = 5"
Time difference of 10.6009 secs
[1] "nn"
[1] 7.101242e-09
[1] "Time for m = 6"
Time difference of 12.1264 secs
[1] "time for replicate"
Time difference of 50.70464 secs
80 Getting True pred
[1] "nn"
[1] 2.118514e-05
[1] "Time for m = 1"
Time difference of 3.107008 secs
[1] "nn"
[1] 8.445775e-07
[1] "Time for m = 2"
Time difference of 5.022046 secs
[1] "nn"
[1] 1.654983e-07
[1] "Time for m = 3"
Time difference of 6.155026 secs
[1] "nn"
[1] 5.213682e-08
[1] "Time for m = 4"
Time difference of 7.603897 secs
[1] "nn"
[1] 1.755207e-08
[1] "Time for m = 5"
Time difference of 11.54909 secs
 secs
[1] "nn"
[1] 3.440121e-08
[1] "Time for m = 6"
Time difference of 11.67482 secs
[1] "time for replicate"
Time difference of 42.08489 secs
81 Getting True pred
[1] "nn"
[1] 7.577793e-05
[1] "Time for m = 1"
Time difference of 2.658684 secs
[1] "nn"
[1] 3.540288e-06
[1] "Time for m = 2"
Time difference of 4.912361 secs
[1] "nn"
[1] 7.290837e-07
[1] "Time for m = 3"
Time difference of 6.00808 secs

[1] "nn"
[1] 1.599484e-08
[1] "Time for m = 4"
Time difference of 7.766232 [1] "[1] "nn"
[1] 5.348674e-09
[1] "Time for m = 5"
Time difference of 9.235259 secs
.725244e-08
[1] "Time for m = 6"
Time difference of 11.66203 secs
[1] "time for replicate"
Time difference of 42.83661 secs
82 Getting True pred
 8.449369e-05
[1] "Time for m = 1"
Time difference of 3.161241 secs
[1] "nn"
[1] 4.024079e-06
[1] "nn"
[1] 2.102242e-06
[1] "Time for m = 2"
Time difference of 5.811267 secs
5522e-07
[1] "Time for m = 3"
Time difference of 6.6722 secs
[1] "nn"
[1] 8.566769e-08
[1] "Time for m = 4"
Time difference of 7.128797 secs
[1] "nn"
[1] 2.898268e-08
[1] "Time for m = 5"
Time difference of 10.12273 secs
ifference of 9.48448 [1][1[1] "nn"
[1] 2.781133e-08
[1] "Time for m = 6"
Time difference of 11.4183 secs
[1] "time for replicate"
Time difference of 44.66247 secs
83 Getting True pred
1] "nn"
[1] 5.23825e-05
[1] "Time for m = 1"
Time difference of 2.782341 se[1] "nn"
[1][1] "nn"
[1] 7.183698e-07
[1] "Time for m = 2"
Time difference of 5.284181 secs
1221e-08
[1] "Time for m = 3"
Time difference[1] "nn"
[1] 3.437207e-08
[1] "Time for m = 4"
Time difference of 7.719218 secs
feren[1] "nn"
[1] 2.1780[1] "nn"
[1] 2.566652e-08
[1] "Time for m = 5"
Time difference of 13.24[1[1] "nn"
[1] 2.587347e-08
[1] "Time for m = 6"
Time difference of 12.04694 secs
[1] "time for replicate"
Time difference of 45.11904 secs
84 Getting True pred
[1] "nn"
[1] 6.162509e-05
[1] "Time for m = 1"
Time difference of 3.089013 sec[1] "nn"
[1] 1.952182e-06
[1] "Time for m = 2"
Time difference of 4.56691 secs
.851526 secs
[1] "nn"
[1] 7.041522e-07
[1] "Time for m = 3"
Time difference of 6.543094 secs
.94811e-08
[1] "Time for m = 4"
Time difference of 9.409684 secs
